[2025-04-24T11:05:17.930Z] [31MERROR[39M: uncaughtException: тип Unable to compile TypeScript:
[96msrc/infra/database/database.config.ts[0m:[93m7[0m:[93m22[0m - [91merror[0m[90m TS7031: [0mBinding element 'args' implicitly has an 'any' type.

[7m7[0m       async create({ args, query }) {
[7m [0m [91m                     ~~~~[0m
[96msrc/infra/database/database.config.ts[0m:[93m7[0m:[93m28[0m - [91merror[0m[90m TS7031: [0mBinding element 'query' implicitly has an 'any' type.

[7m7[0m       async create({ args, query }) {
[7m [0m [91m                           ~~~~~[0m
[96msrc/infra/database/database.config.ts[0m:[93m16[0m:[93m22[0m - [91merror[0m[90m TS7031: [0mBinding element 'args' implicitly has an 'any' type.

[7m16[0m       async update({ args, query }) {
[7m  [0m [91m                     ~~~~[0m
[96msrc/infra/database/database.config.ts[0m:[93m16[0m:[93m28[0m - [91merror[0m[90m TS7031: [0mBinding element 'query' implicitly has an 'any' type.

[7m16[0m       async update({ args, query }) {
[7m  [0m [91m                           ~~~~~[0m

TSError: тип Unable to compile TypeScript:
[96msrc/infra/database/database.config.ts[0m:[93m7[0m:[93m22[0m - [91merror[0m[90m TS7031: [0mBinding element 'args' implicitly has an 'any' type.

[7m7[0m       async create({ args, query }) {
[7m [0m [91m                     ~~~~[0m
[96msrc/infra/database/database.config.ts[0m:[93m7[0m:[93m28[0m - [91merror[0m[90m TS7031: [0mBinding element 'query' implicitly has an 'any' type.

[7m7[0m       async create({ args, query }) {
[7m [0m [91m                           ~~~~~[0m
[96msrc/infra/database/database.config.ts[0m:[93m16[0m:[93m22[0m - [91merror[0m[90m TS7031: [0mBinding element 'args' implicitly has an 'any' type.

[7m16[0m       async update({ args, query }) {
[7m  [0m [91m                     ~~~~[0m
[96msrc/infra/database/database.config.ts[0m:[93m16[0m:[93m28[0m - [91merror[0m[90m TS7031: [0mBinding element 'query' implicitly has an 'any' type.

[7m16[0m       async update({ args, query }) {
[7m  [0m [91m                           ~~~~~[0m

    at createTSError (/home/abdelrahman-aboalkhair/Projects/WEB/code/multi-vendor-ecommerce/server/node_modules/ts-node/src/index.ts:859:12)
    at reportTSError (/home/abdelrahman-aboalkhair/Projects/WEB/code/multi-vendor-ecommerce/server/node_modules/ts-node/src/index.ts:863:19)
    at getOutput (/home/abdelrahman-aboalkhair/Projects/WEB/code/multi-vendor-ecommerce/server/node_modules/ts-node/src/index.ts:1077:36)
    at Object.compile (/home/abdelrahman-aboalkhair/Projects/WEB/code/multi-vendor-ecommerce/server/node_modules/ts-node/src/index.ts:1433:41)
    at Module.m._compile (/home/abdelrahman-aboalkhair/Projects/WEB/code/multi-vendor-ecommerce/server/node_modules/ts-node/src/index.ts:1617:30)
    at loadTS (node:internal/modules/cjs/loader:1815:10)
    at Object.require.extensions.<computed> [as .ts] (/home/abdelrahman-aboalkhair/Projects/WEB/code/multi-vendor-ecommerce/server/node_modules/ts-node/src/index.ts:1621:12)
    at Module.load (node:internal/modules/cjs/loader:1458:32)
    at Function._load (node:internal/modules/cjs/loader:1275:12)
    at TracingChannel.traceSync (node:diagnostics_channel:322:14)
[2025-04-24T11:05:49.688Z] [31MERROR[39M: uncaughtException: @prisma/client did not initialize yet. Please run "prisma generate" and try to import it again.
Error: @prisma/client did not initialize yet. Please run "prisma generate" and try to import it again.
    at new PrismaClient (/home/abdelrahman-aboalkhair/Projects/WEB/code/multi-vendor-ecommerce/server/node_modules/.prisma/client/default.js:43:11)
    at Object.<anonymous> (/home/abdelrahman-aboalkhair/Projects/WEB/code/multi-vendor-ecommerce/server/src/infra/database/database.config.ts:4:16)
    at Module._compile (node:internal/modules/cjs/loader:1723:14)
    at Module.m._compile (/home/abdelrahman-aboalkhair/Projects/WEB/code/multi-vendor-ecommerce/server/node_modules/ts-node/src/index.ts:1618:23)
    at loadTS (node:internal/modules/cjs/loader:1815:10)
    at Object.require.extensions.<computed> [as .ts] (/home/abdelrahman-aboalkhair/Projects/WEB/code/multi-vendor-ecommerce/server/node_modules/ts-node/src/index.ts:1621:12)
    at Module.load (node:internal/modules/cjs/loader:1458:32)
    at Function._load (node:internal/modules/cjs/loader:1275:12)
    at TracingChannel.traceSync (node:diagnostics_channel:322:14)
    at wrapModuleLoad (node:internal/modules/cjs/loader:234:24)
